[2026-06-24 09:25:17]
INFO
Test log entry

[2026-06-24 09:25:17]
WARNING
Test warning

[2026-06-24 09:25:17]
ERROR
Test error

[2026-06-24 09:25:17]
INFO
TEST | OK | unit test passed

[2026-06-24 10:21:52]
INFO
PIPELINE STATUS: BLOCKED

[2026-06-24 10:22:02]
INFO
PIPELINE STATUS: BLOCKED

[2026-06-24 10:22:02]
INFO
PIPELINE STATUS: RUNNING

[2026-06-24 14:13:02]
INFO
LEARNING ENGINE STARTED

[2026-06-24 14:13:02]
INFO
LEARNING ENGINE: No reviews found, skipping

[2026-06-24 14:25:33]
INFO
LEARNING ENGINE V2 STARTED

[2026-06-24 14:25:33]
INFO
Learning Engine: No reviews found, skipping

